0 info it worked if it ends with ok
1 verbose cli [ 'node', '/usr/local/bin/npm', 'install', 'node-inspector' ]
2 info using npm@1.2.10
3 info using node@v0.8.19
4 verbose read json /Users/noeldelgado/freshout/_protos/chato/package.json
5 verbose read json /Users/noeldelgado/freshout/_protos/chato/node_modules/express/package.json
6 verbose read json /Users/noeldelgado/freshout/_protos/chato/node_modules/jade/package.json
7 verbose read json /Users/noeldelgado/freshout/_protos/chato/node_modules/sequelize/package.json
8 verbose read json /Users/noeldelgado/freshout/_protos/chato/node_modules/sequelize-mysql/package.json
9 verbose read json /Users/noeldelgado/freshout/_protos/chato/node_modules/socket.io/package.json
10 verbose from cache /Users/noeldelgado/freshout/_protos/chato/package.json
11 verbose readDependencies using package.json deps
12 verbose cache add [ 'node-inspector', null ]
13 verbose cache add name=undefined spec="node-inspector" args=["node-inspector",null]
14 verbose parsed url { pathname: 'node-inspector',
14 verbose parsed url   path: 'node-inspector',
14 verbose parsed url   href: 'node-inspector' }
15 silly lockFile 4198ef9e-node-inspector node-inspector
16 verbose lock node-inspector /Users/noeldelgado/.npm/4198ef9e-node-inspector.lock
17 silly lockFile 4198ef9e-node-inspector node-inspector
18 silly lockFile 4198ef9e-node-inspector node-inspector
19 verbose addNamed [ 'node-inspector', '' ]
20 verbose addNamed [ null, '' ]
21 silly lockFile e68b88da-node-inspector node-inspector@
22 verbose lock node-inspector@ /Users/noeldelgado/.npm/e68b88da-node-inspector.lock
23 silly addNameRange { name: 'node-inspector', range: '', hasData: false }
24 verbose url raw node-inspector
25 verbose url resolving [ 'https://registry.npmjs.org/', './node-inspector' ]
26 verbose url resolved https://registry.npmjs.org/node-inspector
27 info trying registry request attempt 1 at 15:19:28
28 http GET https://registry.npmjs.org/node-inspector
29 info retry will retry, error on last attempt: Error: connect ECONNREFUSED
30 info trying registry request attempt 2 at 15:19:39
31 http GET https://registry.npmjs.org/node-inspector
32 info retry will retry, error on last attempt: Error: connect ECONNREFUSED
33 info trying registry request attempt 3 at 15:20:46
34 http GET https://registry.npmjs.org/node-inspector
35 http 200 https://registry.npmjs.org/node-inspector
36 silly registry.get cb [ 200,
36 silly registry.get   { vary: 'Accept',
36 silly registry.get     server: 'CouchDB/1.3.0 (Erlang OTP/R15B03)',
36 silly registry.get     etag: '"4SOXCTHP3BBOH9ML9BAA31DTS"',
36 silly registry.get     date: 'Fri, 05 Jul 2013 20:20:46 GMT',
36 silly registry.get     'content-type': 'application/json',
36 silly registry.get     'content-length': '40552' } ]
37 silly addNameRange number 2 { name: 'node-inspector', range: '', hasData: true }
38 silly addNameRange versions [ 'node-inspector',
38 silly addNameRange   [ '0.0.1',
38 silly addNameRange     '0.0.2',
38 silly addNameRange     '0.0.3',
38 silly addNameRange     '0.0.4',
38 silly addNameRange     '0.1.0',
38 silly addNameRange     '0.1.1',
38 silly addNameRange     '0.1.2',
38 silly addNameRange     '0.1.3',
38 silly addNameRange     '0.1.4',
38 silly addNameRange     '0.1.5',
38 silly addNameRange     '0.1.6',
38 silly addNameRange     '0.1.7',
38 silly addNameRange     '0.1.8',
38 silly addNameRange     '0.1.9',
38 silly addNameRange     '0.1.10',
38 silly addNameRange     '0.2.0beta1',
38 silly addNameRange     '0.2.0beta2',
38 silly addNameRange     '0.2.0beta3',
38 silly addNameRange     '0.2.0beta4',
38 silly addNameRange     '0.3.0preview1' ] ]
39 verbose addNamed [ 'node-inspector', '0.2.0beta4' ]
40 verbose addNamed [ '0.2.0beta4', '0.2.0beta4' ]
41 silly lockFile a798fff4-node-inspector-0-2-0beta4 node-inspector@0.2.0beta4
42 verbose lock node-inspector@0.2.0beta4 /Users/noeldelgado/.npm/a798fff4-node-inspector-0-2-0beta4.lock
43 silly lockFile c7ebfedc-or-node-inspector-0-2-0beta4-tgz https://registry.npmjs.org/node-inspector/-/node-inspector-0.2.0beta4.tgz
44 verbose lock https://registry.npmjs.org/node-inspector/-/node-inspector-0.2.0beta4.tgz /Users/noeldelgado/.npm/c7ebfedc-or-node-inspector-0-2-0beta4-tgz.lock
45 verbose addRemoteTarball [ 'https://registry.npmjs.org/node-inspector/-/node-inspector-0.2.0beta4.tgz',
45 verbose addRemoteTarball   'c850880e32c509062e8e08f7028a6e8ac8ba8aae' ]
46 info retry fetch attempt 1 at 15:20:47
47 verbose fetch to= /var/folders/qv/qvqJnGQSF78DBswZ037vyU+++TM/-Tmp-/npm-11227/1373055647100-0.9518912206403911/tmp.tgz
48 http GET https://registry.npmjs.org/node-inspector/-/node-inspector-0.2.0beta4.tgz
49 http 200 https://registry.npmjs.org/node-inspector/-/node-inspector-0.2.0beta4.tgz
50 silly shasum updated bytes 40960
51 silly shasum updated bytes 40960
52 silly shasum updated bytes 40960
53 silly shasum updated bytes 40960
54 silly shasum updated bytes 40960
55 silly shasum updated bytes 40960
56 silly shasum updated bytes 40960
57 silly shasum updated bytes 40960
58 silly shasum updated bytes 40960
59 silly shasum updated bytes 40960
60 silly shasum updated bytes 40960
61 silly shasum updated bytes 40960
62 silly shasum updated bytes 40960
63 silly shasum updated bytes 40960
64 silly shasum updated bytes 40960
65 silly shasum updated bytes 40960
66 silly shasum updated bytes 26314
67 info shasum c850880e32c509062e8e08f7028a6e8ac8ba8aae
67 info shasum /var/folders/qv/qvqJnGQSF78DBswZ037vyU+++TM/-Tmp-/npm-11227/1373055647100-0.9518912206403911/tmp.tgz
68 verbose tar unpack /var/folders/qv/qvqJnGQSF78DBswZ037vyU+++TM/-Tmp-/npm-11227/1373055647100-0.9518912206403911/tmp.tgz
69 silly lockFile 9e84c1dd-47100-0-9518912206403911-package /var/folders/qv/qvqJnGQSF78DBswZ037vyU+++TM/-Tmp-/npm-11227/1373055647100-0.9518912206403911/package
70 verbose lock /var/folders/qv/qvqJnGQSF78DBswZ037vyU+++TM/-Tmp-/npm-11227/1373055647100-0.9518912206403911/package /Users/noeldelgado/.npm/9e84c1dd-47100-0-9518912206403911-package.lock
71 silly lockFile 76cbb884-47100-0-9518912206403911-tmp-tgz /var/folders/qv/qvqJnGQSF78DBswZ037vyU+++TM/-Tmp-/npm-11227/1373055647100-0.9518912206403911/tmp.tgz
72 verbose lock /var/folders/qv/qvqJnGQSF78DBswZ037vyU+++TM/-Tmp-/npm-11227/1373055647100-0.9518912206403911/tmp.tgz /Users/noeldelgado/.npm/76cbb884-47100-0-9518912206403911-tmp-tgz.lock
73 silly gunzTarPerm modes [ '755', '644' ]
74 silly gunzTarPerm extractEntry package.json
75 silly gunzTarPerm extractEntry .npmignore
76 silly gunzTarPerm extractEntry LICENSE
77 silly gunzTarPerm extractEntry ChangeLog
78 silly gunzTarPerm extractEntry bin/inspector.js
79 silly gunzTarPerm extractEntry config.json
80 silly gunzTarPerm extractEntry front-end/devtools.js
81 silly gunzTarPerm extractEntry front-end/node/InspectorBackendStub.js
82 silly gunzTarPerm extractEntry front-end/node/InspectorFrontendHostStub.js
83 silly gunzTarPerm extractEntry front-end/node/Overrides.js
84 silly gunzTarPerm extractEntry front-end/Images/resourcesSizeGraphIcon.png
85 silly gunzTarPerm extractEntry front-end/Images/applicationCache.png
86 silly gunzTarPerm extractEntry front-end/Images/back.png
87 silly gunzTarPerm extractEntry front-end/Images/breakpointBorder.png
88 silly gunzTarPerm extractEntry front-end/Images/breakpointConditionalBorder.png
89 silly gunzTarPerm extractEntry front-end/Images/breakpointConditionalCounterBorder.png
90 silly gunzTarPerm extractEntry front-end/Images/breakpointCounterBorder.png
91 silly gunzTarPerm extractEntry front-end/Images/breakpointsActivateButtonGlyph.png
92 silly gunzTarPerm extractEntry front-end/Images/breakpointsDeactivateButtonGlyph.png
93 silly gunzTarPerm extractEntry front-end/Images/checker.png
94 silly gunzTarPerm extractEntry front-end/Images/clearConsoleButtonGlyph.png
95 silly gunzTarPerm extractEntry front-end/Images/closeButtons.png
96 silly gunzTarPerm extractEntry front-end/Images/consoleButtonGlyph.png
97 silly gunzTarPerm extractEntry front-end/Images/consoleIcon.png
98 silly gunzTarPerm extractEntry front-end/Images/cookie.png
99 silly gunzTarPerm extractEntry front-end/Images/database.png
100 silly gunzTarPerm extractEntry front-end/Images/databaseTable.png
101 silly gunzTarPerm extractEntry front-end/Images/debuggerContinue.png
102 silly gunzTarPerm extractEntry front-end/Images/debuggerPause.png
103 silly gunzTarPerm extractEntry front-end/Images/debuggerStepInto.png
104 silly gunzTarPerm extractEntry front-end/Images/debuggerStepOut.png
105 silly gunzTarPerm extractEntry front-end/Images/debuggerStepOver.png
106 silly gunzTarPerm extractEntry front-end/Images/deleteIcon.png
107 silly gunzTarPerm extractEntry front-end/Images/disclosureTriangleSmallDown.png
108 silly gunzTarPerm extractEntry front-end/Images/disclosureTriangleSmallDownBlack.png
109 silly gunzTarPerm extractEntry front-end/Images/disclosureTriangleSmallDownWhite.png
110 silly gunzTarPerm extractEntry front-end/Images/disclosureTriangleSmallRight.png
111 silly gunzTarPerm extractEntry front-end/Images/disclosureTriangleSmallRightBlack.png
112 silly gunzTarPerm extractEntry front-end/Images/disclosureTriangleSmallRightDown.png
113 silly gunzTarPerm extractEntry front-end/Images/disclosureTriangleSmallRightDownBlack.png
114 silly gunzTarPerm extractEntry front-end/Images/disclosureTriangleSmallRightDownWhite.png
115 silly gunzTarPerm extractEntry front-end/Images/disclosureTriangleSmallRightWhite.png
116 silly gunzTarPerm extractEntry front-end/Images/dockButtonGlyph.png
117 silly gunzTarPerm extractEntry front-end/Images/elementsIcon.png
118 silly gunzTarPerm extractEntry front-end/Images/enableOutlineButtonGlyph.png
119 silly gunzTarPerm extractEntry front-end/Images/enableSolidButtonGlyph.png
120 silly gunzTarPerm extractEntry front-end/Images/errorIcon.png
121 silly gunzTarPerm extractEntry front-end/Images/errorMediumIcon.png
122 silly gunzTarPerm extractEntry front-end/Images/errorRedDot.png
123 silly gunzTarPerm extractEntry front-end/Images/excludeButtonGlyph.png
124 silly gunzTarPerm extractEntry front-end/Images/focusButtonGlyph.png
125 silly gunzTarPerm extractEntry front-end/Images/forward.png
126 silly gunzTarPerm extractEntry front-end/Images/frame.png
127 silly gunzTarPerm extractEntry front-end/Images/gearButtonGlyph.png
128 silly gunzTarPerm extractEntry front-end/Images/glossyHeader.png
129 silly gunzTarPerm extractEntry front-end/Images/glossyHeaderPressed.png
130 silly gunzTarPerm extractEntry front-end/Images/glossyHeaderSelected.png
131 silly gunzTarPerm extractEntry front-end/Images/glossyHeaderSelectedPressed.png
132 silly gunzTarPerm extractEntry front-end/Images/goArrow.png
133 silly gunzTarPerm extractEntry front-end/Images/graphLabelCalloutLeft.png
134 silly gunzTarPerm extractEntry front-end/Images/graphLabelCalloutRight.png
135 silly gunzTarPerm extractEntry front-end/Images/largerResourcesButtonGlyph.png
136 silly gunzTarPerm extractEntry front-end/Images/localStorage.png
137 silly gunzTarPerm extractEntry front-end/Images/navigatorShowHideButton.png
138 silly gunzTarPerm extractEntry front-end/Images/networkIcon.png
139 silly gunzTarPerm extractEntry front-end/Images/nodeSearchButtonGlyph.png
140 silly gunzTarPerm extractEntry front-end/Images/paneAddButtons.png
141 silly gunzTarPerm extractEntry front-end/Images/paneBottomGrow.png
142 silly gunzTarPerm extractEntry front-end/Images/paneBottomGrowActive.png
143 silly gunzTarPerm extractEntry front-end/Images/paneElementStateButtons.png
144 silly gunzTarPerm extractEntry front-end/Images/paneFilterButtons.png
145 silly gunzTarPerm extractEntry front-end/Images/paneGrowHandleLine.png
146 silly gunzTarPerm extractEntry front-end/Images/paneRefreshButtons.png
147 silly gunzTarPerm extractEntry front-end/Images/paneSettingsButtons.png
148 silly gunzTarPerm extractEntry front-end/Images/pauseOnExceptionButtonGlyph.png
149 silly gunzTarPerm extractEntry front-end/Images/percentButtonGlyph.png
150 silly gunzTarPerm extractEntry front-end/Images/popoverArrows.png
151 silly gunzTarPerm extractEntry front-end/Images/popoverBackground.png
152 silly gunzTarPerm extractEntry front-end/Images/profileGroupIcon.png
153 silly gunzTarPerm extractEntry front-end/Images/profileIcon.png
154 silly gunzTarPerm extractEntry front-end/Images/profileSmallIcon.png
155 silly gunzTarPerm extractEntry front-end/Images/profilesIcon.png
156 silly gunzTarPerm extractEntry front-end/Images/profilesSilhouette.png
157 silly gunzTarPerm extractEntry front-end/Images/programCounterBorder.png
158 silly gunzTarPerm extractEntry front-end/Images/radioDot.png
159 silly gunzTarPerm extractEntry front-end/Images/recordButtonGlyph.png
160 silly gunzTarPerm extractEntry front-end/Images/recordToggledButtonGlyph.png
161 silly gunzTarPerm extractEntry front-end/Images/reloadButtonGlyph.png
162 silly gunzTarPerm extractEntry front-end/Images/resourceCSSIcon.png
163 silly gunzTarPerm extractEntry front-end/Images/resourceDocumentIcon.png
164 silly gunzTarPerm extractEntry front-end/Images/resourceDocumentIconSmall.png
165 silly gunzTarPerm extractEntry front-end/Images/resourceJSIcon.png
166 silly gunzTarPerm extractEntry front-end/Images/resourcePlainIcon.png
167 silly gunzTarPerm extractEntry front-end/Images/resourcePlainIconSmall.png
168 silly gunzTarPerm extractEntry front-end/Images/resourcesIcon.png
169 silly gunzTarPerm extractEntry front-end/Images/auditsIcon.png
170 silly gunzTarPerm extractEntry front-end/Images/resourcesTimeGraphIcon.png
171 silly gunzTarPerm extractEntry front-end/Images/scriptsIcon.png
172 silly gunzTarPerm extractEntry front-end/Images/scriptsSilhouette.png
173 silly gunzTarPerm extractEntry front-end/Images/searchSmallBlue.png
174 silly gunzTarPerm extractEntry front-end/Images/searchSmallBrightBlue.png
175 silly gunzTarPerm extractEntry front-end/Images/searchSmallGray.png
176 silly gunzTarPerm extractEntry front-end/Images/searchSmallWhite.png
177 silly gunzTarPerm extractEntry front-end/Images/segment.png
178 silly gunzTarPerm extractEntry front-end/Images/segmentEnd.png
179 silly gunzTarPerm extractEntry front-end/Images/segmentHover.png
180 silly gunzTarPerm extractEntry front-end/Images/segmentHoverEnd.png
181 silly gunzTarPerm extractEntry front-end/Images/segmentSelected.png
182 silly gunzTarPerm extractEntry front-end/Images/segmentSelectedEnd.png
183 silly gunzTarPerm extractEntry front-end/Images/sessionStorage.png
184 silly gunzTarPerm extractEntry front-end/Images/spinner.gif
185 silly gunzTarPerm extractEntry front-end/Images/spinnerActive.gif
186 silly gunzTarPerm extractEntry front-end/Images/spinnerActiveSelected.gif
187 silly gunzTarPerm extractEntry front-end/Images/spinnerInactive.gif
188 silly gunzTarPerm extractEntry front-end/Images/spinnerInactiveSelected.gif
189 silly gunzTarPerm extractEntry front-end/Images/splitviewDimple.png
190 silly gunzTarPerm extractEntry front-end/Images/splitviewDividerBackground.png
191 silly gunzTarPerm extractEntry front-end/Images/statusbarBackground.png
192 silly gunzTarPerm extractEntry front-end/Images/statusbarBackgroundChromium.png
193 silly gunzTarPerm extractEntry front-end/Images/statusbarBottomBackground.png
194 silly gunzTarPerm extractEntry front-end/Images/statusbarBottomBackgroundChromium.png
195 silly gunzTarPerm extractEntry front-end/Images/statusbarButtonGlyphs.png
196 silly gunzTarPerm extractEntry front-end/Images/statusbarButtons.png
197 silly gunzTarPerm extractEntry front-end/Images/statusbarButtonsChromium.png
198 silly gunzTarPerm extractEntry front-end/Images/statusbarMenuButton.png
199 silly gunzTarPerm extractEntry front-end/Images/statusbarMenuButtonChromium.png
200 silly gunzTarPerm extractEntry front-end/Images/statusbarMenuButtonSelected.png
201 silly gunzTarPerm extractEntry front-end/Images/statusbarMenuButtonSelectedChromium.png
202 silly gunzTarPerm extractEntry front-end/Images/statusbarResizerHorizontal.png
203 silly gunzTarPerm extractEntry front-end/Images/statusbarResizerVertical.png
204 silly gunzTarPerm extractEntry front-end/Images/successGreenDot.png
205 silly gunzTarPerm extractEntry front-end/Images/thumbActiveHoriz.png
206 silly gunzTarPerm extractEntry front-end/Images/thumbActiveVert.png
207 silly gunzTarPerm extractEntry front-end/Images/thumbHoriz.png
208 silly gunzTarPerm extractEntry front-end/Images/thumbHoverHoriz.png
209 silly gunzTarPerm extractEntry front-end/Images/thumbHoverVert.png
210 silly gunzTarPerm extractEntry front-end/Images/thumbVert.png
211 silly gunzTarPerm extractEntry front-end/Images/timelineBarBlue.png
212 silly gunzTarPerm extractEntry front-end/Images/timelineBarGray.png
213 silly gunzTarPerm extractEntry front-end/Images/timelineBarGreen.png
214 silly gunzTarPerm extractEntry front-end/Images/timelineBarOrange.png
215 silly gunzTarPerm extractEntry front-end/Images/timelineBarPurple.png
216 silly gunzTarPerm extractEntry front-end/Images/timelineBarRed.png
217 silly gunzTarPerm extractEntry front-end/Images/timelineBarYellow.png
218 silly gunzTarPerm extractEntry front-end/Images/timelineCheckmarks.png
219 silly gunzTarPerm extractEntry front-end/Images/timelineDots.png
220 silly gunzTarPerm extractEntry front-end/Images/timelineHollowPillBlue.png
221 silly gunzTarPerm extractEntry front-end/Images/timelineHollowPillGray.png
222 silly gunzTarPerm extractEntry front-end/Images/timelineHollowPillGreen.png
223 silly gunzTarPerm extractEntry front-end/Images/timelineHollowPillOrange.png
224 silly gunzTarPerm extractEntry front-end/Images/timelineHollowPillPurple.png
225 silly gunzTarPerm extractEntry front-end/Images/timelineHollowPillRed.png
226 silly gunzTarPerm extractEntry front-end/Images/timelineHollowPillYellow.png
227 silly gunzTarPerm extractEntry front-end/Images/timelineIcon.png
228 silly gunzTarPerm extractEntry front-end/Images/timelinePillBlue.png
229 silly gunzTarPerm extractEntry front-end/Images/timelinePillGray.png
230 silly gunzTarPerm extractEntry front-end/Images/timelinePillGreen.png
231 silly gunzTarPerm extractEntry front-end/Images/timelinePillOrange.png
232 silly gunzTarPerm extractEntry front-end/Images/timelinePillPurple.png
233 silly gunzTarPerm extractEntry front-end/Images/timelinePillRed.png
234 silly gunzTarPerm extractEntry front-end/Images/timelinePillYellow.png
235 silly gunzTarPerm extractEntry front-end/Images/toolbarIcons.png
236 silly gunzTarPerm extractEntry front-end/Images/toolbarIconsSmall.png
237 silly gunzTarPerm extractEntry front-end/Images/toolbarItemSelected.png
238 silly gunzTarPerm extractEntry front-end/Images/trackHoriz.png
239 silly gunzTarPerm extractEntry front-end/Images/trackVert.png
240 silly gunzTarPerm extractEntry front-end/Images/treeDownTriangleBlack.png
241 silly gunzTarPerm extractEntry front-end/Images/treeDownTriangleWhite.png
242 silly gunzTarPerm extractEntry front-end/Images/treeRightTriangleBlack.png
243 silly gunzTarPerm extractEntry front-end/Images/treeRightTriangleWhite.png
244 silly gunzTarPerm extractEntry front-end/Images/treeUpTriangleBlack.png
245 silly gunzTarPerm extractEntry front-end/Images/treeUpTriangleWhite.png
246 silly gunzTarPerm extractEntry front-end/Images/undockButtonGlyph.png
247 silly gunzTarPerm extractEntry front-end/Images/userInputIcon.png
248 silly gunzTarPerm extractEntry front-end/Images/userInputPreviousIcon.png
249 silly gunzTarPerm extractEntry front-end/Images/userInputResultIcon.png
250 silly gunzTarPerm extractEntry front-end/Images/warningIcon.png
251 silly gunzTarPerm extractEntry front-end/Images/warningMediumIcon.png
252 silly gunzTarPerm extractEntry front-end/Images/warningOrangeDot.png
253 silly gunzTarPerm extractEntry front-end/Images/warningsErrors.png
254 silly gunzTarPerm extractEntry front-end/helpScreen.css
255 silly gunzTarPerm extractEntry front-end/index.html
256 silly gunzTarPerm extractEntry front-end/navigatorView.css
257 silly gunzTarPerm extractEntry front-end/devtools.css
258 silly gunzTarPerm extractEntry front-end/scriptsPanel.css
259 silly gunzTarPerm extractEntry front-end/splitView.css
260 silly gunzTarPerm extractEntry front-end/tabbedPane.css
261 silly gunzTarPerm extractEntry front-end/textPrompt.css
262 silly gunzTarPerm extractEntry front-end/textViewer.css
263 silly gunzTarPerm extractEntry lib/callback.js
264 silly gunzTarPerm extractEntry lib/client.js
265 silly gunzTarPerm extractEntry lib/debug-server.js
266 silly gunzTarPerm extractEntry lib/protocol.js
267 silly gunzTarPerm extractEntry lib/session2.js
268 silly gunzTarPerm extractEntry lib/v2w.js
269 silly gunzTarPerm extractEntry lib/front-end/browser.js
270 silly gunzTarPerm extractEntry lib/front-end/callframe.js
271 silly gunzTarPerm extractEntry lib/front-end/console.js
272 silly gunzTarPerm extractEntry lib/front-end/debugger.js
273 silly gunzTarPerm extractEntry lib/front-end/location.js
274 silly gunzTarPerm extractEntry lib/front-end/remote-object.js
275 silly gunzTarPerm extractEntry lib/front-end/runtime.js
276 silly gunzTarPerm extractEntry lib/front-end/scope.js
277 silly gunzTarPerm extractEntry readme.md
278 silly gunzTarPerm extractEntry test/hello.js
279 verbose read json /var/folders/qv/qvqJnGQSF78DBswZ037vyU+++TM/-Tmp-/npm-11227/1373055647100-0.9518912206403911/package/package.json
280 silly lockFile 9e84c1dd-47100-0-9518912206403911-package /var/folders/qv/qvqJnGQSF78DBswZ037vyU+++TM/-Tmp-/npm-11227/1373055647100-0.9518912206403911/package
281 silly lockFile 9e84c1dd-47100-0-9518912206403911-package /var/folders/qv/qvqJnGQSF78DBswZ037vyU+++TM/-Tmp-/npm-11227/1373055647100-0.9518912206403911/package
282 silly lockFile 76cbb884-47100-0-9518912206403911-tmp-tgz /var/folders/qv/qvqJnGQSF78DBswZ037vyU+++TM/-Tmp-/npm-11227/1373055647100-0.9518912206403911/tmp.tgz
283 silly lockFile 76cbb884-47100-0-9518912206403911-tmp-tgz /var/folders/qv/qvqJnGQSF78DBswZ037vyU+++TM/-Tmp-/npm-11227/1373055647100-0.9518912206403911/tmp.tgz
284 verbose from cache /var/folders/qv/qvqJnGQSF78DBswZ037vyU+++TM/-Tmp-/npm-11227/1373055647100-0.9518912206403911/package/package.json
285 verbose tar pack [ '/Users/noeldelgado/.npm/node-inspector/0.2.0beta4/package.tgz',
285 verbose tar pack   '/var/folders/qv/qvqJnGQSF78DBswZ037vyU+++TM/-Tmp-/npm-11227/1373055647100-0.9518912206403911/package' ]
286 verbose tarball /Users/noeldelgado/.npm/node-inspector/0.2.0beta4/package.tgz
287 verbose folder /var/folders/qv/qvqJnGQSF78DBswZ037vyU+++TM/-Tmp-/npm-11227/1373055647100-0.9518912206403911/package
288 silly lockFile 9e84c1dd-47100-0-9518912206403911-package /var/folders/qv/qvqJnGQSF78DBswZ037vyU+++TM/-Tmp-/npm-11227/1373055647100-0.9518912206403911/package
289 verbose lock /var/folders/qv/qvqJnGQSF78DBswZ037vyU+++TM/-Tmp-/npm-11227/1373055647100-0.9518912206403911/package /Users/noeldelgado/.npm/9e84c1dd-47100-0-9518912206403911-package.lock
290 silly lockFile 9f12411a-inspector-0-2-0beta4-package-tgz /Users/noeldelgado/.npm/node-inspector/0.2.0beta4/package.tgz
291 verbose lock /Users/noeldelgado/.npm/node-inspector/0.2.0beta4/package.tgz /Users/noeldelgado/.npm/9f12411a-inspector-0-2-0beta4-package-tgz.lock
292 silly lockFile 9e84c1dd-47100-0-9518912206403911-package /var/folders/qv/qvqJnGQSF78DBswZ037vyU+++TM/-Tmp-/npm-11227/1373055647100-0.9518912206403911/package
293 silly lockFile 9e84c1dd-47100-0-9518912206403911-package /var/folders/qv/qvqJnGQSF78DBswZ037vyU+++TM/-Tmp-/npm-11227/1373055647100-0.9518912206403911/package
294 silly lockFile 9f12411a-inspector-0-2-0beta4-package-tgz /Users/noeldelgado/.npm/node-inspector/0.2.0beta4/package.tgz
295 silly lockFile 9f12411a-inspector-0-2-0beta4-package-tgz /Users/noeldelgado/.npm/node-inspector/0.2.0beta4/package.tgz
296 silly lockFile 250bd748-ode-inspector-0-2-0beta4-package /Users/noeldelgado/.npm/node-inspector/0.2.0beta4/package
297 verbose lock /Users/noeldelgado/.npm/node-inspector/0.2.0beta4/package /Users/noeldelgado/.npm/250bd748-ode-inspector-0-2-0beta4-package.lock
298 silly lockFile 250bd748-ode-inspector-0-2-0beta4-package /Users/noeldelgado/.npm/node-inspector/0.2.0beta4/package
299 silly lockFile 250bd748-ode-inspector-0-2-0beta4-package /Users/noeldelgado/.npm/node-inspector/0.2.0beta4/package
300 verbose tar unpack /Users/noeldelgado/.npm/node-inspector/0.2.0beta4/package.tgz
301 silly lockFile 250bd748-ode-inspector-0-2-0beta4-package /Users/noeldelgado/.npm/node-inspector/0.2.0beta4/package
302 verbose lock /Users/noeldelgado/.npm/node-inspector/0.2.0beta4/package /Users/noeldelgado/.npm/250bd748-ode-inspector-0-2-0beta4-package.lock
303 silly lockFile 9f12411a-inspector-0-2-0beta4-package-tgz /Users/noeldelgado/.npm/node-inspector/0.2.0beta4/package.tgz
304 verbose lock /Users/noeldelgado/.npm/node-inspector/0.2.0beta4/package.tgz /Users/noeldelgado/.npm/9f12411a-inspector-0-2-0beta4-package-tgz.lock
305 silly gunzTarPerm modes [ '755', '644' ]
306 silly gunzTarPerm extractEntry package.json
307 silly gunzTarPerm extractEntry .npmignore
308 silly gunzTarPerm extractEntry LICENSE
309 silly gunzTarPerm extractEntry bin/inspector.js
310 silly gunzTarPerm extractEntry ChangeLog
311 silly gunzTarPerm extractEntry config.json
312 silly gunzTarPerm extractEntry front-end/devtools.js
313 silly gunzTarPerm extractEntry front-end/node/InspectorBackendStub.js
314 silly gunzTarPerm extractEntry front-end/node/InspectorFrontendHostStub.js
315 silly gunzTarPerm extractEntry front-end/node/Overrides.js
316 silly gunzTarPerm extractEntry front-end/helpScreen.css
317 silly gunzTarPerm extractEntry front-end/Images/resourcesSizeGraphIcon.png
318 silly gunzTarPerm extractEntry front-end/Images/applicationCache.png
319 silly gunzTarPerm extractEntry front-end/Images/back.png
320 silly gunzTarPerm extractEntry front-end/Images/breakpointBorder.png
321 silly gunzTarPerm extractEntry front-end/Images/breakpointConditionalBorder.png
322 silly gunzTarPerm extractEntry front-end/Images/breakpointConditionalCounterBorder.png
323 silly gunzTarPerm extractEntry front-end/Images/breakpointCounterBorder.png
324 silly gunzTarPerm extractEntry front-end/Images/breakpointsActivateButtonGlyph.png
325 silly gunzTarPerm extractEntry front-end/Images/breakpointsDeactivateButtonGlyph.png
326 silly gunzTarPerm extractEntry front-end/Images/checker.png
327 silly gunzTarPerm extractEntry front-end/Images/clearConsoleButtonGlyph.png
328 silly gunzTarPerm extractEntry front-end/Images/closeButtons.png
329 silly gunzTarPerm extractEntry front-end/Images/consoleButtonGlyph.png
330 silly gunzTarPerm extractEntry front-end/Images/consoleIcon.png
331 silly gunzTarPerm extractEntry front-end/Images/cookie.png
332 silly gunzTarPerm extractEntry front-end/Images/database.png
333 silly gunzTarPerm extractEntry front-end/Images/databaseTable.png
334 silly gunzTarPerm extractEntry front-end/Images/debuggerContinue.png
335 silly gunzTarPerm extractEntry front-end/Images/debuggerPause.png
336 silly gunzTarPerm extractEntry front-end/Images/debuggerStepInto.png
337 silly gunzTarPerm extractEntry front-end/Images/debuggerStepOut.png
338 silly gunzTarPerm extractEntry front-end/Images/debuggerStepOver.png
339 silly gunzTarPerm extractEntry front-end/Images/deleteIcon.png
340 silly gunzTarPerm extractEntry front-end/Images/disclosureTriangleSmallDown.png
341 silly gunzTarPerm extractEntry front-end/Images/disclosureTriangleSmallDownBlack.png
342 silly gunzTarPerm extractEntry front-end/Images/disclosureTriangleSmallDownWhite.png
343 silly gunzTarPerm extractEntry front-end/Images/disclosureTriangleSmallRight.png
344 silly gunzTarPerm extractEntry front-end/Images/disclosureTriangleSmallRightBlack.png
345 silly gunzTarPerm extractEntry front-end/Images/disclosureTriangleSmallRightDown.png
346 silly gunzTarPerm extractEntry front-end/Images/disclosureTriangleSmallRightDownBlack.png
347 silly gunzTarPerm extractEntry front-end/Images/disclosureTriangleSmallRightDownWhite.png
348 silly gunzTarPerm extractEntry front-end/Images/disclosureTriangleSmallRightWhite.png
349 silly gunzTarPerm extractEntry front-end/Images/dockButtonGlyph.png
350 silly gunzTarPerm extractEntry front-end/Images/elementsIcon.png
351 silly gunzTarPerm extractEntry front-end/Images/enableOutlineButtonGlyph.png
352 silly gunzTarPerm extractEntry front-end/Images/enableSolidButtonGlyph.png
353 silly gunzTarPerm extractEntry front-end/Images/errorIcon.png
354 silly gunzTarPerm extractEntry front-end/Images/errorMediumIcon.png
355 silly gunzTarPerm extractEntry front-end/Images/errorRedDot.png
356 silly gunzTarPerm extractEntry front-end/Images/excludeButtonGlyph.png
357 silly gunzTarPerm extractEntry front-end/Images/focusButtonGlyph.png
358 silly gunzTarPerm extractEntry front-end/Images/forward.png
359 silly gunzTarPerm extractEntry front-end/Images/frame.png
360 silly gunzTarPerm extractEntry front-end/Images/gearButtonGlyph.png
361 silly gunzTarPerm extractEntry front-end/Images/glossyHeader.png
362 silly gunzTarPerm extractEntry front-end/Images/glossyHeaderPressed.png
363 silly gunzTarPerm extractEntry front-end/Images/glossyHeaderSelected.png
364 silly gunzTarPerm extractEntry front-end/Images/glossyHeaderSelectedPressed.png
365 silly gunzTarPerm extractEntry front-end/Images/goArrow.png
366 silly gunzTarPerm extractEntry front-end/Images/graphLabelCalloutLeft.png
367 silly gunzTarPerm extractEntry front-end/Images/graphLabelCalloutRight.png
368 silly gunzTarPerm extractEntry front-end/Images/largerResourcesButtonGlyph.png
369 silly gunzTarPerm extractEntry front-end/Images/localStorage.png
370 silly gunzTarPerm extractEntry front-end/Images/navigatorShowHideButton.png
371 silly gunzTarPerm extractEntry front-end/Images/networkIcon.png
372 silly gunzTarPerm extractEntry front-end/Images/nodeSearchButtonGlyph.png
373 silly gunzTarPerm extractEntry front-end/Images/paneAddButtons.png
374 silly gunzTarPerm extractEntry front-end/Images/paneBottomGrow.png
375 silly gunzTarPerm extractEntry front-end/Images/paneBottomGrowActive.png
376 silly gunzTarPerm extractEntry front-end/Images/paneElementStateButtons.png
377 silly gunzTarPerm extractEntry front-end/Images/paneFilterButtons.png
378 silly gunzTarPerm extractEntry front-end/Images/paneGrowHandleLine.png
379 silly gunzTarPerm extractEntry front-end/Images/paneRefreshButtons.png
380 silly gunzTarPerm extractEntry front-end/Images/paneSettingsButtons.png
381 silly gunzTarPerm extractEntry front-end/Images/pauseOnExceptionButtonGlyph.png
382 silly gunzTarPerm extractEntry front-end/Images/percentButtonGlyph.png
383 silly gunzTarPerm extractEntry front-end/Images/popoverArrows.png
384 silly gunzTarPerm extractEntry front-end/Images/popoverBackground.png
385 silly gunzTarPerm extractEntry front-end/Images/profileGroupIcon.png
386 silly gunzTarPerm extractEntry front-end/Images/profileIcon.png
387 silly gunzTarPerm extractEntry front-end/Images/profilesIcon.png
388 silly gunzTarPerm extractEntry front-end/Images/profileSmallIcon.png
389 silly gunzTarPerm extractEntry front-end/Images/profilesSilhouette.png
390 silly gunzTarPerm extractEntry front-end/Images/programCounterBorder.png
391 silly gunzTarPerm extractEntry front-end/Images/radioDot.png
392 silly gunzTarPerm extractEntry front-end/Images/recordButtonGlyph.png
393 silly gunzTarPerm extractEntry front-end/Images/recordToggledButtonGlyph.png
394 silly gunzTarPerm extractEntry front-end/Images/reloadButtonGlyph.png
395 silly gunzTarPerm extractEntry front-end/Images/resourceCSSIcon.png
396 silly gunzTarPerm extractEntry front-end/Images/resourceDocumentIcon.png
397 silly gunzTarPerm extractEntry front-end/Images/resourceDocumentIconSmall.png
398 silly gunzTarPerm extractEntry front-end/Images/resourceJSIcon.png
399 silly gunzTarPerm extractEntry front-end/Images/resourcePlainIcon.png
400 silly gunzTarPerm extractEntry front-end/Images/resourcePlainIconSmall.png
401 silly gunzTarPerm extractEntry front-end/Images/resourcesIcon.png
402 silly gunzTarPerm extractEntry front-end/Images/auditsIcon.png
403 silly gunzTarPerm extractEntry front-end/Images/resourcesTimeGraphIcon.png
404 silly gunzTarPerm extractEntry front-end/Images/scriptsIcon.png
405 silly gunzTarPerm extractEntry front-end/Images/scriptsSilhouette.png
406 silly gunzTarPerm extractEntry front-end/Images/searchSmallBlue.png
407 silly gunzTarPerm extractEntry front-end/Images/searchSmallBrightBlue.png
408 silly gunzTarPerm extractEntry front-end/Images/searchSmallGray.png
409 silly gunzTarPerm extractEntry front-end/Images/searchSmallWhite.png
410 silly gunzTarPerm extractEntry front-end/Images/segment.png
411 silly gunzTarPerm extractEntry front-end/Images/segmentEnd.png
412 silly gunzTarPerm extractEntry front-end/Images/segmentHover.png
413 silly gunzTarPerm extractEntry front-end/Images/segmentHoverEnd.png
414 silly gunzTarPerm extractEntry front-end/Images/segmentSelected.png
415 silly gunzTarPerm extractEntry front-end/Images/segmentSelectedEnd.png
416 silly gunzTarPerm extractEntry front-end/Images/sessionStorage.png
417 silly gunzTarPerm extractEntry front-end/Images/spinner.gif
418 silly gunzTarPerm extractEntry front-end/Images/spinnerActive.gif
419 silly gunzTarPerm extractEntry front-end/Images/spinnerActiveSelected.gif
420 silly gunzTarPerm extractEntry front-end/Images/spinnerInactive.gif
421 silly gunzTarPerm extractEntry front-end/Images/spinnerInactiveSelected.gif
422 silly gunzTarPerm extractEntry front-end/Images/splitviewDimple.png
423 silly gunzTarPerm extractEntry front-end/Images/splitviewDividerBackground.png
424 silly gunzTarPerm extractEntry front-end/Images/statusbarBackground.png
425 silly gunzTarPerm extractEntry front-end/Images/statusbarBackgroundChromium.png
426 silly gunzTarPerm extractEntry front-end/Images/statusbarBottomBackground.png
427 silly gunzTarPerm extractEntry front-end/Images/statusbarBottomBackgroundChromium.png
428 silly gunzTarPerm extractEntry front-end/Images/statusbarButtonGlyphs.png
429 silly gunzTarPerm extractEntry front-end/Images/statusbarButtons.png
430 silly gunzTarPerm extractEntry front-end/Images/statusbarButtonsChromium.png
431 silly gunzTarPerm extractEntry front-end/Images/statusbarMenuButton.png
432 silly gunzTarPerm extractEntry front-end/Images/statusbarMenuButtonChromium.png
433 silly gunzTarPerm extractEntry front-end/Images/statusbarMenuButtonSelected.png
434 silly gunzTarPerm extractEntry front-end/Images/statusbarMenuButtonSelectedChromium.png
435 silly gunzTarPerm extractEntry front-end/Images/statusbarResizerHorizontal.png
436 silly gunzTarPerm extractEntry front-end/Images/statusbarResizerVertical.png
437 silly gunzTarPerm extractEntry front-end/Images/successGreenDot.png
438 silly gunzTarPerm extractEntry front-end/Images/thumbActiveHoriz.png
439 silly gunzTarPerm extractEntry front-end/Images/thumbActiveVert.png
440 silly gunzTarPerm extractEntry front-end/Images/thumbHoriz.png
441 silly gunzTarPerm extractEntry front-end/Images/thumbHoverHoriz.png
442 silly gunzTarPerm extractEntry front-end/Images/thumbHoverVert.png
443 silly gunzTarPerm extractEntry front-end/Images/thumbVert.png
444 silly gunzTarPerm extractEntry front-end/Images/timelineBarBlue.png
445 silly gunzTarPerm extractEntry front-end/Images/timelineBarGray.png
446 silly gunzTarPerm extractEntry front-end/Images/timelineBarGreen.png
447 silly gunzTarPerm extractEntry front-end/Images/timelineBarOrange.png
448 silly gunzTarPerm extractEntry front-end/Images/timelineBarPurple.png
449 silly gunzTarPerm extractEntry front-end/Images/timelineBarRed.png
450 silly gunzTarPerm extractEntry front-end/Images/timelineBarYellow.png
451 silly gunzTarPerm extractEntry front-end/Images/timelineCheckmarks.png
452 silly gunzTarPerm extractEntry front-end/Images/timelineDots.png
453 silly gunzTarPerm extractEntry front-end/Images/timelineHollowPillBlue.png
454 silly gunzTarPerm extractEntry front-end/Images/timelineHollowPillGray.png
455 silly gunzTarPerm extractEntry front-end/Images/timelineHollowPillGreen.png
456 silly gunzTarPerm extractEntry front-end/Images/timelineHollowPillOrange.png
457 silly gunzTarPerm extractEntry front-end/Images/timelineHollowPillPurple.png
458 silly gunzTarPerm extractEntry front-end/Images/timelineHollowPillRed.png
459 silly gunzTarPerm extractEntry front-end/Images/timelineHollowPillYellow.png
460 silly gunzTarPerm extractEntry front-end/Images/timelineIcon.png
461 silly gunzTarPerm extractEntry front-end/Images/timelinePillBlue.png
462 silly gunzTarPerm extractEntry front-end/Images/timelinePillGray.png
463 silly gunzTarPerm extractEntry front-end/Images/timelinePillGreen.png
464 silly gunzTarPerm extractEntry front-end/Images/timelinePillOrange.png
465 silly gunzTarPerm extractEntry front-end/Images/timelinePillPurple.png
466 silly gunzTarPerm extractEntry front-end/Images/timelinePillRed.png
467 silly gunzTarPerm extractEntry front-end/Images/timelinePillYellow.png
468 silly gunzTarPerm extractEntry front-end/Images/toolbarIcons.png
469 silly gunzTarPerm extractEntry front-end/Images/toolbarIconsSmall.png
470 silly gunzTarPerm extractEntry front-end/Images/toolbarItemSelected.png
471 silly gunzTarPerm extractEntry front-end/Images/trackHoriz.png
472 silly gunzTarPerm extractEntry front-end/Images/trackVert.png
473 silly gunzTarPerm extractEntry front-end/Images/treeDownTriangleBlack.png
474 silly gunzTarPerm extractEntry front-end/Images/treeDownTriangleWhite.png
475 silly gunzTarPerm extractEntry front-end/Images/treeRightTriangleBlack.png
476 silly gunzTarPerm extractEntry front-end/Images/treeRightTriangleWhite.png
477 silly gunzTarPerm extractEntry front-end/Images/treeUpTriangleBlack.png
478 silly gunzTarPerm extractEntry front-end/Images/treeUpTriangleWhite.png
479 silly gunzTarPerm extractEntry front-end/Images/undockButtonGlyph.png
480 silly gunzTarPerm extractEntry front-end/Images/userInputIcon.png
481 silly gunzTarPerm extractEntry front-end/Images/userInputPreviousIcon.png
482 silly gunzTarPerm extractEntry front-end/Images/userInputResultIcon.png
483 silly gunzTarPerm extractEntry front-end/Images/warningIcon.png
484 silly gunzTarPerm extractEntry front-end/Images/warningMediumIcon.png
485 silly gunzTarPerm extractEntry front-end/Images/warningOrangeDot.png
486 silly gunzTarPerm extractEntry front-end/Images/warningsErrors.png
487 silly gunzTarPerm extractEntry front-end/index.html
488 silly gunzTarPerm extractEntry front-end/navigatorView.css
489 silly gunzTarPerm extractEntry front-end/devtools.css
490 silly gunzTarPerm extractEntry front-end/scriptsPanel.css
491 silly gunzTarPerm extractEntry front-end/splitView.css
492 silly gunzTarPerm extractEntry front-end/tabbedPane.css
493 silly gunzTarPerm extractEntry front-end/textPrompt.css
494 silly gunzTarPerm extractEntry front-end/textViewer.css
495 silly gunzTarPerm extractEntry lib/callback.js
496 silly gunzTarPerm extractEntry lib/client.js
497 silly gunzTarPerm extractEntry lib/debug-server.js
498 silly gunzTarPerm extractEntry lib/protocol.js
499 silly gunzTarPerm extractEntry lib/session2.js
500 silly gunzTarPerm extractEntry lib/v2w.js
501 silly gunzTarPerm extractEntry lib/front-end/browser.js
502 silly gunzTarPerm extractEntry lib/front-end/callframe.js
503 silly gunzTarPerm extractEntry lib/front-end/console.js
504 silly gunzTarPerm extractEntry lib/front-end/debugger.js
505 silly gunzTarPerm extractEntry lib/front-end/location.js
506 silly gunzTarPerm extractEntry lib/front-end/remote-object.js
507 silly gunzTarPerm extractEntry lib/front-end/runtime.js
508 silly gunzTarPerm extractEntry lib/front-end/scope.js
509 silly gunzTarPerm extractEntry readme.md
510 silly gunzTarPerm extractEntry test/hello.js
511 verbose read json /Users/noeldelgado/.npm/node-inspector/0.2.0beta4/package/package.json
512 silly lockFile 250bd748-ode-inspector-0-2-0beta4-package /Users/noeldelgado/.npm/node-inspector/0.2.0beta4/package
513 silly lockFile 250bd748-ode-inspector-0-2-0beta4-package /Users/noeldelgado/.npm/node-inspector/0.2.0beta4/package
514 silly lockFile 9f12411a-inspector-0-2-0beta4-package-tgz /Users/noeldelgado/.npm/node-inspector/0.2.0beta4/package.tgz
515 silly lockFile 9f12411a-inspector-0-2-0beta4-package-tgz /Users/noeldelgado/.npm/node-inspector/0.2.0beta4/package.tgz
516 silly shasum updated bytes 40960
517 silly shasum updated bytes 40960
518 silly shasum updated bytes 40960
519 silly shasum updated bytes 40960
520 silly shasum updated bytes 40960
521 silly shasum updated bytes 40960
522 silly shasum updated bytes 40960
523 silly shasum updated bytes 40960
524 silly shasum updated bytes 40960
525 silly shasum updated bytes 40960
526 silly shasum updated bytes 40960
527 silly shasum updated bytes 40960
528 silly shasum updated bytes 40960
529 silly shasum updated bytes 40960
530 silly shasum updated bytes 40960
531 silly shasum updated bytes 40960
532 silly shasum updated bytes 26698
533 info shasum 695f4c4b56173e19cd0d3e342e1c74b8854943ed
533 info shasum /Users/noeldelgado/.npm/node-inspector/0.2.0beta4/package.tgz
534 verbose from cache /Users/noeldelgado/.npm/node-inspector/0.2.0beta4/package/package.json
535 verbose chmod /Users/noeldelgado/.npm/node-inspector/0.2.0beta4/package.tgz 644
536 verbose chown /Users/noeldelgado/.npm/node-inspector/0.2.0beta4/package.tgz [ 502, 20 ]
537 silly lockFile c7ebfedc-or-node-inspector-0-2-0beta4-tgz https://registry.npmjs.org/node-inspector/-/node-inspector-0.2.0beta4.tgz
538 silly lockFile c7ebfedc-or-node-inspector-0-2-0beta4-tgz https://registry.npmjs.org/node-inspector/-/node-inspector-0.2.0beta4.tgz
539 silly lockFile a798fff4-node-inspector-0-2-0beta4 node-inspector@0.2.0beta4
540 silly lockFile a798fff4-node-inspector-0-2-0beta4 node-inspector@0.2.0beta4
541 silly lockFile e68b88da-node-inspector node-inspector@
542 silly lockFile e68b88da-node-inspector node-inspector@
543 silly resolved [ { name: 'node-inspector',
543 silly resolved     version: '0.2.0beta4',
543 silly resolved     description: 'Web Inspector based nodeJS debugger',
543 silly resolved     homepage: 'http://github.com/dannycoates/node-inspector',
543 silly resolved     author: { name: 'Danny Coates', email: 'dannycoates@gmail.com' },
543 silly resolved     keywords: [ 'debug', 'debugger', 'inspector', 'profiler' ],
543 silly resolved     repository:
543 silly resolved      { type: 'git',
543 silly resolved        url: 'http://github.com/dannycoates/node-inspector.git' },
543 silly resolved     engines: { node: '>=0.6.0' },
543 silly resolved     bin: { 'node-inspector': './bin/inspector.js' },
543 silly resolved     dependencies: { 'socket.io': '0.9.14', connect: '2.7.3', async: '0.2.6' },
543 silly resolved     preferGlobal: true,
543 silly resolved     readme: 'Node Inspector is a debugger interface for nodeJS using the WebKit Web Inspector.\n\n## Getting Started\n\n### Requirements\n\n* [nodeJS](http://github.com/ry/node)\n  - versions: 0.3.0 or later\n* [npm](http://github.com/isaacs/npm)\n* A WebKit based browser: Chrome, Safari, etc.\n\n* Optional [v8-profiler](http://github.com/dannycoates/v8-profiler) to use the profiles panel\n\n### Install\n\n* With [npm](http://github.com/isaacs/npm)\n\n        $ npm install -g node-inspector\n\n### Enable debug mode\n\nTo use node-inspector, enable debugging on the node you wish to debug.\nYou can either start node with a debug flag like:\n\n    $ node --debug your/node/program.js\n\nor, to pause your script on the first line:\n\n    $ node --debug-brk your/short/node/script.js\n\nOr you can enable debugging on a node that is already running by sending\nit a signal:\n\n1. Get the PID of the node process using your favorite method. `pgrep` or `ps -ef` are good\n\n\t\t$ pgrep -l node\n\t\t2345 node your/node/server.js\n\n2. Send it the USR1 signal\n\n\t\t$ kill -s USR1 2345\n\nGreat! Now you are ready to attach node-inspector\n\n### Debugging\n\n1. start the inspector. I usually put it in the background\n\n\t\t$ node-inspector &\n\n2. open http://127.0.0.1:8080/debug?port=5858 in your favorite WebKit based browser\n\n3. you should now see the javascript source from node. If you don\'t, click the scripts tab.\n\n4. select a script and set some breakpoints (far left line numbers)\n\n5. then watch the [screencasts](http://www.youtube.com/view_play_list?p=A5216AC29A41EFA8)\n\nFor more information on getting started see the [wiki](http://github.com/dannycoates/node-inspector/wiki/Getting-Started---from-scratch)\n\nnode-inspector works almost exactly like the web inspector in Safari and\nChrome. Here\'s a good [overview](http://code.google.com/chrome/devtools/docs/scripts.html) of the UI\n\n## FAQ / WTF\n\n1. I don\'t see one of my script files in the file list.\n\n    > try refreshing the browser (F5 or command-r)\n\n2. My script runs too fast to attach the debugger.\n\n    > use `--debug-brk` to pause the script on the first line\n\n3. I got the ui in a weird state.\n\n    > when in doubt, refresh\n    \n4. Can I debug remotely?\n\n    > Yes. node-inspector must be running on the same machine, but your browser can be anywhere. Just make sure port 8080 is accessible\n\n## Inspector options\n\n    --web-port=[port]     port to host the inspector (default 8080)\n\n## Cool stuff\n\n* the WebKit Web Inspector debugger is a great js debugger interface, it works just as well for node\n* uses WebSockets, so no polling for breaks\n* remote debugging\n* javascript top to bottom :)\n* [edit running code](http://github.com/dannycoates/node-inspector/wiki/LiveEdit)\n\n## Known Issues\n\nThis is beta quality code, so use at your own risk:\n\n* be careful about viewing the contents of Buffer objects, each byte is displayed as an individual array element, for anything but tiny Buffers this will take too long to render\n* while not stopped at a breakpoint the console doesn\'t always behave as you might expect\n\n## Profiling\n\n**VERY EXPERIMENTAL**\nI don\'t recommend using this yet\n\nTo use the profiles panel, install the v8-profiler module:\n\n    npm install v8-profiler\n\nTo use it do something like:\n\n```javascript\nvar profiler = require(\'v8-profiler\');\n\nprofiler.startProfiling(\'startup\');\nslowStartupFoo();\nprofiler.stopProfiling(\'startup\');\n\nprofiler.takeSnapshot(\'beforeLeak\');\nleakyFoo();\nprofiler.takeSnapshot(\'afterLeak\');\n```\n\nThen view the profiling results with the profiles panel in node-inspector. You can\nalso take heap snapshots on demand from the profiles panel.\n\n## Thanks\n\nThis project respectfully uses code from and thanks the authors of:\n\n* [WebKit](http://webkit.org/building/checkout.html)\n* [node](http://github.com/ry/node)\n* [socket.io](http://github.com/LearnBoost/socket.io)\n* [node-paperboy](http://github.com/felixge/node-paperboy)\n\n\n',
543 silly resolved     readmeFilename: 'readme.md',
543 silly resolved     _id: 'node-inspector@0.2.0beta4',
543 silly resolved     dist: { shasum: '695f4c4b56173e19cd0d3e342e1c74b8854943ed' },
543 silly resolved     _from: 'node-inspector@',
543 silly resolved     _resolved: 'https://registry.npmjs.org/node-inspector/-/node-inspector-0.2.0beta4.tgz' } ]
544 info install node-inspector@0.2.0beta4 into /Users/noeldelgado/freshout/_protos/chato
545 info installOne node-inspector@0.2.0beta4
546 verbose from cache /Users/noeldelgado/.npm/node-inspector/0.2.0beta4/package/package.json
547 info /Users/noeldelgado/freshout/_protos/chato/node_modules/node-inspector unbuild
548 verbose read json /Users/noeldelgado/freshout/_protos/chato/node_modules/node-inspector/package.json
549 verbose tar unpack /Users/noeldelgado/.npm/node-inspector/0.2.0beta4/package.tgz
550 silly lockFile af80f51e-hato-node-modules-node-inspector /Users/noeldelgado/freshout/_protos/chato/node_modules/node-inspector
551 verbose lock /Users/noeldelgado/freshout/_protos/chato/node_modules/node-inspector /Users/noeldelgado/.npm/af80f51e-hato-node-modules-node-inspector.lock
552 silly lockFile 9f12411a-inspector-0-2-0beta4-package-tgz /Users/noeldelgado/.npm/node-inspector/0.2.0beta4/package.tgz
553 verbose lock /Users/noeldelgado/.npm/node-inspector/0.2.0beta4/package.tgz /Users/noeldelgado/.npm/9f12411a-inspector-0-2-0beta4-package-tgz.lock
554 silly gunzTarPerm modes [ '755', '644' ]
555 silly gunzTarPerm extractEntry package.json
556 silly gunzTarPerm extractEntry .npmignore
557 silly gunzTarPerm extractEntry LICENSE
558 silly gunzTarPerm extractEntry bin/inspector.js
559 silly gunzTarPerm extractEntry ChangeLog
560 silly gunzTarPerm extractEntry config.json
561 silly gunzTarPerm extractEntry front-end/devtools.js
562 silly gunzTarPerm extractEntry front-end/node/InspectorBackendStub.js
563 silly gunzTarPerm extractEntry front-end/node/InspectorFrontendHostStub.js
564 silly gunzTarPerm extractEntry front-end/node/Overrides.js
565 silly gunzTarPerm extractEntry front-end/helpScreen.css
566 silly gunzTarPerm extractEntry front-end/Images/resourcesSizeGraphIcon.png
567 silly gunzTarPerm extractEntry front-end/Images/applicationCache.png
568 silly gunzTarPerm extractEntry front-end/Images/back.png
569 silly gunzTarPerm extractEntry front-end/Images/breakpointBorder.png
570 silly gunzTarPerm extractEntry front-end/Images/breakpointConditionalBorder.png
571 silly gunzTarPerm extractEntry front-end/Images/breakpointConditionalCounterBorder.png
572 silly gunzTarPerm extractEntry front-end/Images/breakpointCounterBorder.png
573 silly gunzTarPerm extractEntry front-end/Images/breakpointsActivateButtonGlyph.png
574 silly gunzTarPerm extractEntry front-end/Images/breakpointsDeactivateButtonGlyph.png
575 silly gunzTarPerm extractEntry front-end/Images/checker.png
576 silly gunzTarPerm extractEntry front-end/Images/clearConsoleButtonGlyph.png
577 silly gunzTarPerm extractEntry front-end/Images/closeButtons.png
578 silly gunzTarPerm extractEntry front-end/Images/consoleButtonGlyph.png
579 silly gunzTarPerm extractEntry front-end/Images/consoleIcon.png
580 silly gunzTarPerm extractEntry front-end/Images/cookie.png
581 silly gunzTarPerm extractEntry front-end/Images/database.png
582 silly gunzTarPerm extractEntry front-end/Images/databaseTable.png
583 silly gunzTarPerm extractEntry front-end/Images/debuggerContinue.png
584 silly gunzTarPerm extractEntry front-end/Images/debuggerPause.png
585 silly gunzTarPerm extractEntry front-end/Images/debuggerStepInto.png
586 silly gunzTarPerm extractEntry front-end/Images/debuggerStepOut.png
587 silly gunzTarPerm extractEntry front-end/Images/debuggerStepOver.png
588 silly gunzTarPerm extractEntry front-end/Images/deleteIcon.png
589 silly gunzTarPerm extractEntry front-end/Images/disclosureTriangleSmallDown.png
590 silly gunzTarPerm extractEntry front-end/Images/disclosureTriangleSmallDownBlack.png
591 silly gunzTarPerm extractEntry front-end/Images/disclosureTriangleSmallDownWhite.png
592 silly gunzTarPerm extractEntry front-end/Images/disclosureTriangleSmallRight.png
593 silly gunzTarPerm extractEntry front-end/Images/disclosureTriangleSmallRightBlack.png
594 silly gunzTarPerm extractEntry front-end/Images/disclosureTriangleSmallRightDown.png
595 silly gunzTarPerm extractEntry front-end/Images/disclosureTriangleSmallRightDownBlack.png
596 silly gunzTarPerm extractEntry front-end/Images/disclosureTriangleSmallRightDownWhite.png
597 silly gunzTarPerm extractEntry front-end/Images/disclosureTriangleSmallRightWhite.png
598 silly gunzTarPerm extractEntry front-end/Images/dockButtonGlyph.png
599 silly gunzTarPerm extractEntry front-end/Images/elementsIcon.png
600 silly gunzTarPerm extractEntry front-end/Images/enableOutlineButtonGlyph.png
601 silly gunzTarPerm extractEntry front-end/Images/enableSolidButtonGlyph.png
602 silly gunzTarPerm extractEntry front-end/Images/errorIcon.png
603 silly gunzTarPerm extractEntry front-end/Images/errorMediumIcon.png
604 silly gunzTarPerm extractEntry front-end/Images/errorRedDot.png
605 silly gunzTarPerm extractEntry front-end/Images/excludeButtonGlyph.png
606 silly gunzTarPerm extractEntry front-end/Images/focusButtonGlyph.png
607 silly gunzTarPerm extractEntry front-end/Images/forward.png
608 silly gunzTarPerm extractEntry front-end/Images/frame.png
609 silly gunzTarPerm extractEntry front-end/Images/gearButtonGlyph.png
610 silly gunzTarPerm extractEntry front-end/Images/glossyHeader.png
611 silly gunzTarPerm extractEntry front-end/Images/glossyHeaderPressed.png
612 silly gunzTarPerm extractEntry front-end/Images/glossyHeaderSelected.png
613 silly gunzTarPerm extractEntry front-end/Images/glossyHeaderSelectedPressed.png
614 silly gunzTarPerm extractEntry front-end/Images/goArrow.png
615 silly gunzTarPerm extractEntry front-end/Images/graphLabelCalloutLeft.png
616 silly gunzTarPerm extractEntry front-end/Images/graphLabelCalloutRight.png
617 silly gunzTarPerm extractEntry front-end/Images/largerResourcesButtonGlyph.png
618 silly gunzTarPerm extractEntry front-end/Images/localStorage.png
619 silly gunzTarPerm extractEntry front-end/Images/navigatorShowHideButton.png
620 silly gunzTarPerm extractEntry front-end/Images/networkIcon.png
621 silly gunzTarPerm extractEntry front-end/Images/nodeSearchButtonGlyph.png
622 silly gunzTarPerm extractEntry front-end/Images/paneAddButtons.png
623 silly gunzTarPerm extractEntry front-end/Images/paneBottomGrow.png
624 silly gunzTarPerm extractEntry front-end/Images/paneBottomGrowActive.png
625 silly gunzTarPerm extractEntry front-end/Images/paneElementStateButtons.png
626 silly gunzTarPerm extractEntry front-end/Images/paneFilterButtons.png
627 silly gunzTarPerm extractEntry front-end/Images/paneGrowHandleLine.png
628 silly gunzTarPerm extractEntry front-end/Images/paneRefreshButtons.png
629 silly gunzTarPerm extractEntry front-end/Images/paneSettingsButtons.png
630 silly gunzTarPerm extractEntry front-end/Images/pauseOnExceptionButtonGlyph.png
631 silly gunzTarPerm extractEntry front-end/Images/percentButtonGlyph.png
632 silly gunzTarPerm extractEntry front-end/Images/popoverArrows.png
633 silly gunzTarPerm extractEntry front-end/Images/popoverBackground.png
634 silly gunzTarPerm extractEntry front-end/Images/profileGroupIcon.png
635 silly gunzTarPerm extractEntry front-end/Images/profileIcon.png
636 silly gunzTarPerm extractEntry front-end/Images/profilesIcon.png
637 silly gunzTarPerm extractEntry front-end/Images/profileSmallIcon.png
638 silly gunzTarPerm extractEntry front-end/Images/profilesSilhouette.png
639 silly gunzTarPerm extractEntry front-end/Images/programCounterBorder.png
640 silly gunzTarPerm extractEntry front-end/Images/radioDot.png
641 silly gunzTarPerm extractEntry front-end/Images/recordButtonGlyph.png
642 silly gunzTarPerm extractEntry front-end/Images/recordToggledButtonGlyph.png
643 silly gunzTarPerm extractEntry front-end/Images/reloadButtonGlyph.png
644 silly gunzTarPerm extractEntry front-end/Images/resourceCSSIcon.png
645 silly gunzTarPerm extractEntry front-end/Images/resourceDocumentIcon.png
646 silly gunzTarPerm extractEntry front-end/Images/resourceDocumentIconSmall.png
647 silly gunzTarPerm extractEntry front-end/Images/resourceJSIcon.png
648 silly gunzTarPerm extractEntry front-end/Images/resourcePlainIcon.png
649 silly gunzTarPerm extractEntry front-end/Images/resourcePlainIconSmall.png
650 silly gunzTarPerm extractEntry front-end/Images/resourcesIcon.png
651 silly gunzTarPerm extractEntry front-end/Images/auditsIcon.png
652 silly gunzTarPerm extractEntry front-end/Images/resourcesTimeGraphIcon.png
653 silly gunzTarPerm extractEntry front-end/Images/scriptsIcon.png
654 silly gunzTarPerm extractEntry front-end/Images/scriptsSilhouette.png
655 silly gunzTarPerm extractEntry front-end/Images/searchSmallBlue.png
656 silly gunzTarPerm extractEntry front-end/Images/searchSmallBrightBlue.png
657 silly gunzTarPerm extractEntry front-end/Images/searchSmallGray.png
658 silly gunzTarPerm extractEntry front-end/Images/searchSmallWhite.png
659 silly gunzTarPerm extractEntry front-end/Images/segment.png
660 silly gunzTarPerm extractEntry front-end/Images/segmentEnd.png
661 silly gunzTarPerm extractEntry front-end/Images/segmentHover.png
662 silly gunzTarPerm extractEntry front-end/Images/segmentHoverEnd.png
663 silly gunzTarPerm extractEntry front-end/Images/segmentSelected.png
664 silly gunzTarPerm extractEntry front-end/Images/segmentSelectedEnd.png
665 silly gunzTarPerm extractEntry front-end/Images/sessionStorage.png
666 silly gunzTarPerm extractEntry front-end/Images/spinner.gif
667 silly gunzTarPerm extractEntry front-end/Images/spinnerActive.gif
668 silly gunzTarPerm extractEntry front-end/Images/spinnerActiveSelected.gif
669 silly gunzTarPerm extractEntry front-end/Images/spinnerInactive.gif
670 silly gunzTarPerm extractEntry front-end/Images/spinnerInactiveSelected.gif
671 silly gunzTarPerm extractEntry front-end/Images/splitviewDimple.png
672 silly gunzTarPerm extractEntry front-end/Images/splitviewDividerBackground.png
673 silly gunzTarPerm extractEntry front-end/Images/statusbarBackground.png
674 silly gunzTarPerm extractEntry front-end/Images/statusbarBackgroundChromium.png
675 silly gunzTarPerm extractEntry front-end/Images/statusbarBottomBackground.png
676 silly gunzTarPerm extractEntry front-end/Images/statusbarBottomBackgroundChromium.png
677 silly gunzTarPerm extractEntry front-end/Images/statusbarButtonGlyphs.png
678 silly gunzTarPerm extractEntry front-end/Images/statusbarButtons.png
679 silly gunzTarPerm extractEntry front-end/Images/statusbarButtonsChromium.png
680 silly gunzTarPerm extractEntry front-end/Images/statusbarMenuButton.png
681 silly gunzTarPerm extractEntry front-end/Images/statusbarMenuButtonChromium.png
682 silly gunzTarPerm extractEntry front-end/Images/statusbarMenuButtonSelected.png
683 silly gunzTarPerm extractEntry front-end/Images/statusbarMenuButtonSelectedChromium.png
684 silly gunzTarPerm extractEntry front-end/Images/statusbarResizerHorizontal.png
685 silly gunzTarPerm extractEntry front-end/Images/statusbarResizerVertical.png
686 silly gunzTarPerm extractEntry front-end/Images/successGreenDot.png
687 silly gunzTarPerm extractEntry front-end/Images/thumbActiveHoriz.png
688 silly gunzTarPerm extractEntry front-end/Images/thumbActiveVert.png
689 silly gunzTarPerm extractEntry front-end/Images/thumbHoriz.png
690 silly gunzTarPerm extractEntry front-end/Images/thumbHoverHoriz.png
691 silly gunzTarPerm extractEntry front-end/Images/thumbHoverVert.png
692 silly gunzTarPerm extractEntry front-end/Images/thumbVert.png
693 silly gunzTarPerm extractEntry front-end/Images/timelineBarBlue.png
694 silly gunzTarPerm extractEntry front-end/Images/timelineBarGray.png
695 silly gunzTarPerm extractEntry front-end/Images/timelineBarGreen.png
696 silly gunzTarPerm extractEntry front-end/Images/timelineBarOrange.png
697 silly gunzTarPerm extractEntry front-end/Images/timelineBarPurple.png
698 silly gunzTarPerm extractEntry front-end/Images/timelineBarRed.png
699 silly gunzTarPerm extractEntry front-end/Images/timelineBarYellow.png
700 silly gunzTarPerm extractEntry front-end/Images/timelineCheckmarks.png
701 silly gunzTarPerm extractEntry front-end/Images/timelineDots.png
702 silly gunzTarPerm extractEntry front-end/Images/timelineHollowPillBlue.png
703 silly gunzTarPerm extractEntry front-end/Images/timelineHollowPillGray.png
704 silly gunzTarPerm extractEntry front-end/Images/timelineHollowPillGreen.png
705 silly gunzTarPerm extractEntry front-end/Images/timelineHollowPillOrange.png
706 silly gunzTarPerm extractEntry front-end/Images/timelineHollowPillPurple.png
707 silly gunzTarPerm extractEntry front-end/Images/timelineHollowPillRed.png
708 silly gunzTarPerm extractEntry front-end/Images/timelineHollowPillYellow.png
709 silly gunzTarPerm extractEntry front-end/Images/timelineIcon.png
710 silly gunzTarPerm extractEntry front-end/Images/timelinePillBlue.png
711 silly gunzTarPerm extractEntry front-end/Images/timelinePillGray.png
712 silly gunzTarPerm extractEntry front-end/Images/timelinePillGreen.png
713 silly gunzTarPerm extractEntry front-end/Images/timelinePillOrange.png
714 silly gunzTarPerm extractEntry front-end/Images/timelinePillPurple.png
715 silly gunzTarPerm extractEntry front-end/Images/timelinePillRed.png
716 silly gunzTarPerm extractEntry front-end/Images/timelinePillYellow.png
717 silly gunzTarPerm extractEntry front-end/Images/toolbarIcons.png
718 silly gunzTarPerm extractEntry front-end/Images/toolbarIconsSmall.png
719 silly gunzTarPerm extractEntry front-end/Images/toolbarItemSelected.png
720 silly gunzTarPerm extractEntry front-end/Images/trackHoriz.png
721 silly gunzTarPerm extractEntry front-end/Images/trackVert.png
722 silly gunzTarPerm extractEntry front-end/Images/treeDownTriangleBlack.png
723 silly gunzTarPerm extractEntry front-end/Images/treeDownTriangleWhite.png
724 silly gunzTarPerm extractEntry front-end/Images/treeRightTriangleBlack.png
725 silly gunzTarPerm extractEntry front-end/Images/treeRightTriangleWhite.png
726 silly gunzTarPerm extractEntry front-end/Images/treeUpTriangleBlack.png
727 silly gunzTarPerm extractEntry front-end/Images/treeUpTriangleWhite.png
728 silly gunzTarPerm extractEntry front-end/Images/undockButtonGlyph.png
729 silly gunzTarPerm extractEntry front-end/Images/userInputIcon.png
730 silly gunzTarPerm extractEntry front-end/Images/userInputPreviousIcon.png
731 silly gunzTarPerm extractEntry front-end/Images/userInputResultIcon.png
732 silly gunzTarPerm extractEntry front-end/Images/warningIcon.png
733 silly gunzTarPerm extractEntry front-end/Images/warningMediumIcon.png
734 silly gunzTarPerm extractEntry front-end/Images/warningOrangeDot.png
735 silly gunzTarPerm extractEntry front-end/Images/warningsErrors.png
736 silly gunzTarPerm extractEntry front-end/index.html
737 silly gunzTarPerm extractEntry front-end/navigatorView.css
738 silly gunzTarPerm extractEntry front-end/devtools.css
739 silly gunzTarPerm extractEntry front-end/scriptsPanel.css
740 silly gunzTarPerm extractEntry front-end/splitView.css
741 silly gunzTarPerm extractEntry front-end/tabbedPane.css
742 silly gunzTarPerm extractEntry front-end/textPrompt.css
743 silly gunzTarPerm extractEntry front-end/textViewer.css
744 silly gunzTarPerm extractEntry lib/callback.js
745 silly gunzTarPerm extractEntry lib/client.js
746 silly gunzTarPerm extractEntry lib/debug-server.js
747 silly gunzTarPerm extractEntry lib/protocol.js
748 silly gunzTarPerm extractEntry lib/session2.js
749 silly gunzTarPerm extractEntry lib/v2w.js
750 silly gunzTarPerm extractEntry lib/front-end/browser.js
751 silly gunzTarPerm extractEntry lib/front-end/callframe.js
752 silly gunzTarPerm extractEntry lib/front-end/console.js
753 silly gunzTarPerm extractEntry lib/front-end/debugger.js
754 silly gunzTarPerm extractEntry lib/front-end/location.js
755 silly gunzTarPerm extractEntry lib/front-end/remote-object.js
756 silly gunzTarPerm extractEntry lib/front-end/runtime.js
757 silly gunzTarPerm extractEntry lib/front-end/scope.js
758 silly gunzTarPerm extractEntry readme.md
759 silly gunzTarPerm extractEntry test/hello.js
760 verbose read json /Users/noeldelgado/freshout/_protos/chato/node_modules/node-inspector/package.json
761 silly lockFile af80f51e-hato-node-modules-node-inspector /Users/noeldelgado/freshout/_protos/chato/node_modules/node-inspector
762 silly lockFile af80f51e-hato-node-modules-node-inspector /Users/noeldelgado/freshout/_protos/chato/node_modules/node-inspector
763 silly lockFile 9f12411a-inspector-0-2-0beta4-package-tgz /Users/noeldelgado/.npm/node-inspector/0.2.0beta4/package.tgz
764 silly lockFile 9f12411a-inspector-0-2-0beta4-package-tgz /Users/noeldelgado/.npm/node-inspector/0.2.0beta4/package.tgz
765 info preinstall node-inspector@0.2.0beta4
766 verbose from cache /Users/noeldelgado/freshout/_protos/chato/node_modules/node-inspector/package.json
767 verbose readDependencies using package.json deps
768 verbose from cache /Users/noeldelgado/freshout/_protos/chato/node_modules/node-inspector/package.json
769 verbose readDependencies using package.json deps
770 verbose cache add [ 'connect@2.7.3', null ]
771 verbose cache add name=undefined spec="connect@2.7.3" args=["connect@2.7.3",null]
772 verbose parsed url { pathname: 'connect@2.7.3',
772 verbose parsed url   path: 'connect@2.7.3',
772 verbose parsed url   href: 'connect@2.7.3' }
773 verbose cache add name="connect" spec="2.7.3" args=["connect","2.7.3"]
774 verbose parsed url { pathname: '2.7.3', path: '2.7.3', href: '2.7.3' }
775 verbose addNamed [ 'connect', '2.7.3' ]
776 verbose addNamed [ '2.7.3', '2.7.3' ]
777 silly lockFile e0a46383-connect-2-7-3 connect@2.7.3
778 verbose lock connect@2.7.3 /Users/noeldelgado/.npm/e0a46383-connect-2-7-3.lock
779 verbose cache add [ 'async@0.2.6', null ]
780 verbose cache add name=undefined spec="async@0.2.6" args=["async@0.2.6",null]
781 verbose parsed url { pathname: 'async@0.2.6',
781 verbose parsed url   path: 'async@0.2.6',
781 verbose parsed url   href: 'async@0.2.6' }
782 verbose cache add name="async" spec="0.2.6" args=["async","0.2.6"]
783 verbose parsed url { pathname: '0.2.6', path: '0.2.6', href: '0.2.6' }
784 verbose addNamed [ 'async', '0.2.6' ]
785 verbose addNamed [ '0.2.6', '0.2.6' ]
786 silly lockFile f12d8d6f-async-0-2-6 async@0.2.6
787 verbose lock async@0.2.6 /Users/noeldelgado/.npm/f12d8d6f-async-0-2-6.lock
788 verbose url raw connect/2.7.3
789 verbose url resolving [ 'https://registry.npmjs.org/', './connect/2.7.3' ]
790 verbose url resolved https://registry.npmjs.org/connect/2.7.3
791 info trying registry request attempt 1 at 15:20:50
792 http GET https://registry.npmjs.org/connect/2.7.3
793 verbose url raw async/0.2.6
794 verbose url resolving [ 'https://registry.npmjs.org/', './async/0.2.6' ]
795 verbose url resolved https://registry.npmjs.org/async/0.2.6
796 info trying registry request attempt 1 at 15:20:50
797 http GET https://registry.npmjs.org/async/0.2.6
798 info retry will retry, error on last attempt: Error: connect ECONNREFUSED
799 http 200 https://registry.npmjs.org/connect/2.7.3
800 silly registry.get cb [ 200,
800 silly registry.get   { vary: 'Accept',
800 silly registry.get     server: 'CouchDB/1.3.0 (Erlang OTP/R15B03)',
800 silly registry.get     etag: '"BPZ10JHGHUKRT4RN2STFN4KWT"',
800 silly registry.get     date: 'Fri, 05 Jul 2013 20:20:51 GMT',
800 silly registry.get     'content-type': 'application/json',
800 silly registry.get     'content-length': '6152' } ]
801 silly lockFile 44d10c16-js-org-connect-connect-2-7-3-tgz https://registry.npmjs.org/connect/-/connect-2.7.3.tgz
802 verbose lock https://registry.npmjs.org/connect/-/connect-2.7.3.tgz /Users/noeldelgado/.npm/44d10c16-js-org-connect-connect-2-7-3-tgz.lock
803 verbose addRemoteTarball [ 'https://registry.npmjs.org/connect/-/connect-2.7.3.tgz',
803 verbose addRemoteTarball   '71ee3caec06b0c91baafed5c9b04a5506738db63' ]
804 info retry fetch attempt 1 at 15:20:51
805 verbose fetch to= /var/folders/qv/qvqJnGQSF78DBswZ037vyU+++TM/-Tmp-/npm-11227/1373055651555-0.5722679616883397/tmp.tgz
806 http GET https://registry.npmjs.org/connect/-/connect-2.7.3.tgz
807 error fetch failed https://registry.npmjs.org/connect/-/connect-2.7.3.tgz
808 info retry will retry, error on last attempt: Error: connect ECONNREFUSED
809 info trying registry request attempt 2 at 15:21:00
810 http GET https://registry.npmjs.org/async/0.2.6
811 http 200 https://registry.npmjs.org/async/0.2.6
812 silly registry.get cb [ 200,
812 silly registry.get   { vary: 'Accept',
812 silly registry.get     server: 'CouchDB/1.3.0 (Erlang OTP/R15B03)',
812 silly registry.get     etag: '"62ME7L4JWGYL3M1M00RY0C7D5"',
812 silly registry.get     date: 'Fri, 05 Jul 2013 20:21:01 GMT',
812 silly registry.get     'content-type': 'application/json',
812 silly registry.get     'content-length': '43385' } ]
813 silly lockFile 8b4158d9--npmjs-org-async-async-0-2-6-tgz https://registry.npmjs.org/async/-/async-0.2.6.tgz
814 verbose lock https://registry.npmjs.org/async/-/async-0.2.6.tgz /Users/noeldelgado/.npm/8b4158d9--npmjs-org-async-async-0-2-6-tgz.lock
815 verbose addRemoteTarball [ 'https://registry.npmjs.org/async/-/async-0.2.6.tgz',
815 verbose addRemoteTarball   'ad3f373d9249ae324881565582bc90e152abbd68' ]
816 info retry fetch attempt 1 at 15:21:01
817 verbose fetch to= /var/folders/qv/qvqJnGQSF78DBswZ037vyU+++TM/-Tmp-/npm-11227/1373055661712-0.4375032000243664/tmp.tgz
818 http GET https://registry.npmjs.org/async/-/async-0.2.6.tgz
819 http 200 https://registry.npmjs.org/async/-/async-0.2.6.tgz
820 silly shasum updated bytes 14895
821 info shasum ad3f373d9249ae324881565582bc90e152abbd68
821 info shasum /var/folders/qv/qvqJnGQSF78DBswZ037vyU+++TM/-Tmp-/npm-11227/1373055661712-0.4375032000243664/tmp.tgz
822 verbose tar unpack /var/folders/qv/qvqJnGQSF78DBswZ037vyU+++TM/-Tmp-/npm-11227/1373055661712-0.4375032000243664/tmp.tgz
823 silly lockFile a820e1b5-61712-0-4375032000243664-package /var/folders/qv/qvqJnGQSF78DBswZ037vyU+++TM/-Tmp-/npm-11227/1373055661712-0.4375032000243664/package
824 verbose lock /var/folders/qv/qvqJnGQSF78DBswZ037vyU+++TM/-Tmp-/npm-11227/1373055661712-0.4375032000243664/package /Users/noeldelgado/.npm/a820e1b5-61712-0-4375032000243664-package.lock
825 silly lockFile 13c7115e-61712-0-4375032000243664-tmp-tgz /var/folders/qv/qvqJnGQSF78DBswZ037vyU+++TM/-Tmp-/npm-11227/1373055661712-0.4375032000243664/tmp.tgz
826 verbose lock /var/folders/qv/qvqJnGQSF78DBswZ037vyU+++TM/-Tmp-/npm-11227/1373055661712-0.4375032000243664/tmp.tgz /Users/noeldelgado/.npm/13c7115e-61712-0-4375032000243664-tmp-tgz.lock
827 silly gunzTarPerm modes [ '755', '644' ]
828 silly gunzTarPerm extractEntry package.json
829 silly gunzTarPerm extractEntry README.md
830 silly gunzTarPerm extractEntry LICENSE
831 silly gunzTarPerm extractEntry lib/async.js
832 verbose read json /var/folders/qv/qvqJnGQSF78DBswZ037vyU+++TM/-Tmp-/npm-11227/1373055661712-0.4375032000243664/package/package.json
833 silly lockFile a820e1b5-61712-0-4375032000243664-package /var/folders/qv/qvqJnGQSF78DBswZ037vyU+++TM/-Tmp-/npm-11227/1373055661712-0.4375032000243664/package
834 silly lockFile a820e1b5-61712-0-4375032000243664-package /var/folders/qv/qvqJnGQSF78DBswZ037vyU+++TM/-Tmp-/npm-11227/1373055661712-0.4375032000243664/package
835 silly lockFile 13c7115e-61712-0-4375032000243664-tmp-tgz /var/folders/qv/qvqJnGQSF78DBswZ037vyU+++TM/-Tmp-/npm-11227/1373055661712-0.4375032000243664/tmp.tgz
836 silly lockFile 13c7115e-61712-0-4375032000243664-tmp-tgz /var/folders/qv/qvqJnGQSF78DBswZ037vyU+++TM/-Tmp-/npm-11227/1373055661712-0.4375032000243664/tmp.tgz
837 verbose from cache /var/folders/qv/qvqJnGQSF78DBswZ037vyU+++TM/-Tmp-/npm-11227/1373055661712-0.4375032000243664/package/package.json
838 verbose tar pack [ '/Users/noeldelgado/.npm/async/0.2.6/package.tgz',
838 verbose tar pack   '/var/folders/qv/qvqJnGQSF78DBswZ037vyU+++TM/-Tmp-/npm-11227/1373055661712-0.4375032000243664/package' ]
839 verbose tarball /Users/noeldelgado/.npm/async/0.2.6/package.tgz
840 verbose folder /var/folders/qv/qvqJnGQSF78DBswZ037vyU+++TM/-Tmp-/npm-11227/1373055661712-0.4375032000243664/package
841 silly lockFile a820e1b5-61712-0-4375032000243664-package /var/folders/qv/qvqJnGQSF78DBswZ037vyU+++TM/-Tmp-/npm-11227/1373055661712-0.4375032000243664/package
842 verbose lock /var/folders/qv/qvqJnGQSF78DBswZ037vyU+++TM/-Tmp-/npm-11227/1373055661712-0.4375032000243664/package /Users/noeldelgado/.npm/a820e1b5-61712-0-4375032000243664-package.lock
843 silly lockFile 6c5bcbde-gado-npm-async-0-2-6-package-tgz /Users/noeldelgado/.npm/async/0.2.6/package.tgz
844 verbose lock /Users/noeldelgado/.npm/async/0.2.6/package.tgz /Users/noeldelgado/.npm/6c5bcbde-gado-npm-async-0-2-6-package-tgz.lock
845 silly lockFile a820e1b5-61712-0-4375032000243664-package /var/folders/qv/qvqJnGQSF78DBswZ037vyU+++TM/-Tmp-/npm-11227/1373055661712-0.4375032000243664/package
846 silly lockFile a820e1b5-61712-0-4375032000243664-package /var/folders/qv/qvqJnGQSF78DBswZ037vyU+++TM/-Tmp-/npm-11227/1373055661712-0.4375032000243664/package
847 silly lockFile 6c5bcbde-gado-npm-async-0-2-6-package-tgz /Users/noeldelgado/.npm/async/0.2.6/package.tgz
848 silly lockFile 6c5bcbde-gado-npm-async-0-2-6-package-tgz /Users/noeldelgado/.npm/async/0.2.6/package.tgz
849 silly lockFile 2515ef5f-ldelgado-npm-async-0-2-6-package /Users/noeldelgado/.npm/async/0.2.6/package
850 verbose lock /Users/noeldelgado/.npm/async/0.2.6/package /Users/noeldelgado/.npm/2515ef5f-ldelgado-npm-async-0-2-6-package.lock
851 silly lockFile 2515ef5f-ldelgado-npm-async-0-2-6-package /Users/noeldelgado/.npm/async/0.2.6/package
852 silly lockFile 2515ef5f-ldelgado-npm-async-0-2-6-package /Users/noeldelgado/.npm/async/0.2.6/package
853 verbose tar unpack /Users/noeldelgado/.npm/async/0.2.6/package.tgz
854 silly lockFile 2515ef5f-ldelgado-npm-async-0-2-6-package /Users/noeldelgado/.npm/async/0.2.6/package
855 verbose lock /Users/noeldelgado/.npm/async/0.2.6/package /Users/noeldelgado/.npm/2515ef5f-ldelgado-npm-async-0-2-6-package.lock
856 silly lockFile 6c5bcbde-gado-npm-async-0-2-6-package-tgz /Users/noeldelgado/.npm/async/0.2.6/package.tgz
857 verbose lock /Users/noeldelgado/.npm/async/0.2.6/package.tgz /Users/noeldelgado/.npm/6c5bcbde-gado-npm-async-0-2-6-package-tgz.lock
858 silly gunzTarPerm modes [ '755', '644' ]
859 silly gunzTarPerm extractEntry package.json
860 silly gunzTarPerm extractEntry README.md
861 silly gunzTarPerm extractEntry LICENSE
862 silly gunzTarPerm extractEntry lib/async.js
863 verbose read json /Users/noeldelgado/.npm/async/0.2.6/package/package.json
864 silly lockFile 2515ef5f-ldelgado-npm-async-0-2-6-package /Users/noeldelgado/.npm/async/0.2.6/package
865 silly lockFile 2515ef5f-ldelgado-npm-async-0-2-6-package /Users/noeldelgado/.npm/async/0.2.6/package
866 silly lockFile 6c5bcbde-gado-npm-async-0-2-6-package-tgz /Users/noeldelgado/.npm/async/0.2.6/package.tgz
867 silly lockFile 6c5bcbde-gado-npm-async-0-2-6-package-tgz /Users/noeldelgado/.npm/async/0.2.6/package.tgz
868 silly shasum updated bytes 14899
869 info shasum 3c2cc7f2dd3bcd9b9966c28e0ad11eff4ec0f6bf
869 info shasum /Users/noeldelgado/.npm/async/0.2.6/package.tgz
870 verbose from cache /Users/noeldelgado/.npm/async/0.2.6/package/package.json
871 verbose chmod /Users/noeldelgado/.npm/async/0.2.6/package.tgz 644
872 verbose chown /Users/noeldelgado/.npm/async/0.2.6/package.tgz [ 502, 20 ]
873 silly lockFile 8b4158d9--npmjs-org-async-async-0-2-6-tgz https://registry.npmjs.org/async/-/async-0.2.6.tgz
874 silly lockFile 8b4158d9--npmjs-org-async-async-0-2-6-tgz https://registry.npmjs.org/async/-/async-0.2.6.tgz
875 silly lockFile f12d8d6f-async-0-2-6 async@0.2.6
876 silly lockFile f12d8d6f-async-0-2-6 async@0.2.6
877 info retry fetch attempt 2 at 15:21:02
878 verbose fetch to= /var/folders/qv/qvqJnGQSF78DBswZ037vyU+++TM/-Tmp-/npm-11227/1373055651555-0.5722679616883397/tmp.tgz
879 http GET https://registry.npmjs.org/connect/-/connect-2.7.3.tgz
880 error fetch failed https://registry.npmjs.org/connect/-/connect-2.7.3.tgz
881 info retry will retry, error on last attempt: Error: connect ECONNREFUSED
882 info retry fetch attempt 3 at 15:22:02
883 verbose fetch to= /var/folders/qv/qvqJnGQSF78DBswZ037vyU+++TM/-Tmp-/npm-11227/1373055651555-0.5722679616883397/tmp.tgz
884 http GET https://registry.npmjs.org/connect/-/connect-2.7.3.tgz
885 error fetch failed https://registry.npmjs.org/connect/-/connect-2.7.3.tgz
886 silly lockFile 44d10c16-js-org-connect-connect-2-7-3-tgz https://registry.npmjs.org/connect/-/connect-2.7.3.tgz
887 silly lockFile 44d10c16-js-org-connect-connect-2-7-3-tgz https://registry.npmjs.org/connect/-/connect-2.7.3.tgz
888 silly lockFile e0a46383-connect-2-7-3 connect@2.7.3
889 silly lockFile e0a46383-connect-2-7-3 connect@2.7.3
890 verbose about to build /Users/noeldelgado/freshout/_protos/chato/node_modules/node-inspector
891 info /Users/noeldelgado/freshout/_protos/chato/node_modules/node-inspector unbuild
892 verbose from cache /Users/noeldelgado/freshout/_protos/chato/node_modules/node-inspector/package.json
893 info preuninstall node-inspector@0.2.0beta4
894 info uninstall node-inspector@0.2.0beta4
895 verbose true,/Users/noeldelgado/freshout/_protos/chato/node_modules,/Users/noeldelgado/freshout/_protos/chato/node_modules unbuild node-inspector@0.2.0beta4
896 verbose /Users/noeldelgado/freshout/_protos/chato/node_modules/.bin,[object Object] binRoot
897 info postuninstall node-inspector@0.2.0beta4
898 error Error: connect ECONNREFUSED
898 error     at errnoException (net.js:770:11)
898 error     at Object.afterConnect [as oncomplete] (net.js:761:19)
898 error  { [Error: connect ECONNREFUSED]
898 error   code: 'ECONNREFUSED',
898 error   errno: 'ECONNREFUSED',
898 error   syscall: 'connect' }
899 error If you are behind a proxy, please make sure that the
899 error 'proxy' config is set properly.  See: 'npm help config'
900 error System Darwin 10.8.0
901 error command "node" "/usr/local/bin/npm" "install" "node-inspector"
902 error cwd /Users/noeldelgado/freshout/_protos/chato
903 error node -v v0.8.19
904 error npm -v 1.2.10
905 error syscall connect
906 error code ECONNREFUSED
907 error errno ECONNREFUSED
908 error stack Error: connect ECONNREFUSED
908 error stack     at errnoException (net.js:770:11)
908 error stack     at Object.afterConnect [as oncomplete] (net.js:761:19)
909 verbose exit [ 1, true ]
